2022-03-29 15:36:36,802:INFO:Test_001_login
2022-03-29 15:36:36,802:INFO:******************verifying home page title   *****
2022-03-29 15:39:18,424:INFO:Test_001_login
2022-03-29 15:39:18,424:INFO:******************verifying home page title   *****
2022-03-29 15:39:21,695:INFO:****************** home page title test is passed*****
2022-03-29 15:39:23,467:INFO:****************** Verifying login page*****
2022-03-29 15:39:32,281:INFO:****************** hai sathish Login  page title test is passed*****
2022-03-29 15:42:12,969:INFO:****************** Test_002_DDT_login*****
2022-03-29 15:42:12,969:INFO:****************** Verifying login page*****
2022-03-29 15:42:34,494:INFO:****Passed***
2022-03-29 15:42:52,413:INFO:**Passed***
2022-03-29 15:43:08,807:INFO:**Passed***
2022-03-29 15:43:24,991:INFO:**Passed***
2022-03-29 15:43:24,991:INFO:***the test_login_DDT is passed****
2022-03-29 15:43:25,138:INFO:*****Completed the  Test_002_DDT_login test***** 
2022-03-29 16:55:58,355:INFO:********Test_003_AddCustomer**************
2022-03-29 17:33:50,899:INFO:********Test_003_AddCustomer**************
2022-03-29 19:34:03,735:INFO:********Test_003_AddCustomer**************
2022-03-29 19:39:00,981:INFO:********Test_003_AddCustomer**************
2022-03-30 11:13:22,526:INFO:********Test_003_AddCustomer**************
2022-03-30 11:13:31,142:INFO:****Test***test_addCustomer Login successful***
2022-03-30 11:13:31,150:INFO:****started add Customer Test***
2022-03-30 11:17:17,843:INFO:********Test_003_AddCustomer**************
2022-03-30 11:30:48,250:INFO:********Test_003_AddCustomer**************
2022-03-30 11:33:03,482:INFO:********Test_003_AddCustomer**************
2022-03-30 11:34:02,182:INFO:********Test_003_AddCustomer**************
2022-03-30 11:34:50,969:INFO:********Test_003_AddCustomer**************
2022-03-30 11:34:59,952:INFO:****Test***test_addCustomer Login successful***
2022-03-30 11:34:59,952:INFO:****started add Customer Test***
2022-03-30 11:35:59,190:INFO:********Test_003_AddCustomer**************
2022-03-30 11:36:22,338:INFO:********Test_003_AddCustomer**************
2022-03-30 11:36:31,506:INFO:****Test***test_addCustomer Login successful***
2022-03-30 11:36:31,506:INFO:****started add Customer Test***
2022-03-30 12:08:10,428:INFO:********Test_003_AddCustomer**************
2022-03-30 12:08:19,050:INFO:****Test***test_addCustomer Login successful***
2022-03-30 12:08:19,050:INFO:****started add Customer Test***
2022-03-30 15:58:09,130:INFO:********Test_003_AddCustomer**************
2022-03-30 15:58:57,999:INFO:********Test_003_AddCustomer**************
2022-03-30 15:59:04,598:INFO:****Test***test_addCustomer Login successful***
2022-03-30 15:59:04,598:INFO:****started add Customer Test***
2022-03-30 16:02:50,484:INFO:********Test_003_AddCustomer**************
2022-03-30 16:02:58,864:INFO:****Test***test_addCustomer Login successful***
2022-03-30 16:02:58,864:INFO:****started add Customer Test***
2022-03-30 16:08:10,854:INFO:********Test_003_AddCustomer**************
2022-03-30 16:08:18,994:INFO:****Test***test_addCustomer Login successful***
2022-03-30 16:08:18,994:INFO:****started add Customer Test***
2022-03-30 16:10:07,661:INFO:********Test_003_AddCustomer**************
2022-03-30 16:10:15,719:INFO:****Test***test_addCustomer Login successful***
2022-03-30 16:10:15,720:INFO:****started add Customer Test***
2022-03-30 16:14:43,046:INFO:********Test_003_AddCustomer**************
2022-03-30 16:14:52,034:INFO:****Test***test_addCustomer Login successful***
2022-03-30 16:14:52,034:INFO:****started add Customer Test***
2022-03-30 16:16:42,689:INFO:********Test_003_AddCustomer**************
2022-03-30 16:16:51,898:INFO:****Test***test_addCustomer Login successful***
2022-03-30 16:16:51,898:INFO:****started add Customer Test***
2022-03-30 16:26:31,857:INFO:********Test_003_AddCustomer**************
2022-03-30 16:26:38,843:INFO:****Test***test_addCustomer Login successful***
2022-03-30 16:26:38,844:INFO:****started add Customer Test***
2022-03-30 16:30:21,116:INFO:********Test_003_AddCustomer**************
2022-03-30 16:30:28,090:INFO:****Test***test_addCustomer Login successful***
2022-03-30 16:30:28,091:INFO:****started add Customer Test***
2022-03-30 16:33:37,976:INFO:********Test_003_AddCustomer**************
2022-03-30 16:33:45,539:INFO:****Test***test_addCustomer Login successful***
2022-03-30 16:33:45,539:INFO:****started add Customer Test***
2022-03-30 16:35:47,281:INFO:********Test_003_AddCustomer**************
2022-03-30 16:35:54,775:INFO:****Test***test_addCustomer Login successful***
2022-03-30 16:35:54,775:INFO:****started add Customer Test***
2022-03-30 16:39:27,152:INFO:Test_001_login
2022-03-30 16:39:27,153:INFO:******************verifying home page title   *****
2022-03-30 16:39:29,745:INFO:****************** home page title test is passed*****
2022-03-30 16:39:31,286:INFO:****************** Verifying login page*****
2022-03-30 16:39:38,055:INFO:****************** hai sathish Login  page title test is passed*****
2022-03-30 16:44:24,862:INFO:Test_001_login
2022-03-30 16:44:24,862:INFO:******************verifying home page title   *****
2022-03-30 16:44:27,747:INFO:****************** home page title test is passed*****
2022-03-30 16:44:29,291:INFO:****************** Verifying login page*****
2022-03-30 16:44:36,397:INFO:****************** hai sathish Login  page title test is passed*****
2022-03-30 16:48:55,535:INFO:********Test_003_AddCustomer**************
2022-03-30 16:49:02,465:INFO:****Test***test_addCustomer Login successful***
2022-03-30 16:49:02,466:INFO:****started add Customer Test***
2022-03-30 16:54:13,891:INFO:********Test_003_AddCustomer**************
2022-03-30 16:54:21,013:INFO:****Test***test_addCustomer Login successful***
2022-03-30 16:54:21,014:INFO:****started add Customer Test***
2022-03-30 16:58:23,880:INFO:********Test_003_AddCustomer**************
2022-03-30 16:58:31,251:INFO:****Test***test_addCustomer Login successful***
2022-03-30 16:58:31,251:INFO:****started add Customer Test***
2022-03-30 17:01:08,221:INFO:********Test_003_AddCustomer**************
2022-03-30 17:01:15,489:INFO:****Test***test_addCustomer Login successful***
2022-03-30 17:01:15,489:INFO:****started add Customer Test***
2022-03-30 17:06:41,707:INFO:********Test_003_AddCustomer**************
2022-03-30 17:06:49,207:INFO:****Test***test_addCustomer Login successful***
2022-03-30 17:06:49,207:INFO:****started add Customer Test***
2022-03-30 17:09:11,669:INFO:********Test_003_AddCustomer**************
2022-03-30 17:09:18,852:INFO:****Test***test_addCustomer Login successful***
2022-03-30 17:09:18,852:INFO:****started add Customer Test***
2022-03-30 17:12:21,616:INFO:********Test_003_AddCustomer**************
2022-03-30 17:12:28,699:INFO:****Test***test_addCustomer Login successful***
2022-03-30 17:12:28,700:INFO:****started add Customer Test***
2022-03-30 17:21:33,704:INFO:********Test_003_AddCustomer**************
2022-03-30 17:21:42,309:INFO:****Test***test_addCustomer Login successful***
2022-03-30 17:21:42,309:INFO:****started add Customer Test***
2022-03-30 17:34:55,628:INFO:********Test_003_AddCustomer**************
2022-03-30 17:35:02,741:INFO:****Test***test_addCustomer Login successful***
2022-03-30 17:35:02,742:INFO:****started add Customer Test***
2022-03-30 17:39:22,966:INFO:********Test_003_AddCustomer**************
2022-03-30 17:39:30,658:INFO:****Test***test_addCustomer Login successful***
2022-03-30 17:39:30,658:INFO:****started add Customer Test***
2022-03-30 17:43:52,968:INFO:********Test_003_AddCustomer**************
2022-03-30 17:43:59,292:INFO:****Test***test_addCustomer Login successful***
2022-03-30 17:43:59,292:INFO:****started add Customer Test***
2022-03-30 18:00:40,462:INFO:********Test_003_AddCustomer**************
2022-03-30 18:00:47,757:INFO:****Test***test_addCustomer Login successful***
2022-03-30 18:00:47,757:INFO:****started add Customer Test***
2022-03-30 18:03:47,594:INFO:********Test_003_AddCustomer**************
2022-03-30 18:03:56,407:INFO:****Test***test_addCustomer Login successful***
2022-03-30 18:03:56,408:INFO:****started add Customer Test***
2022-03-30 18:05:18,607:INFO:********Test_003_AddCustomer**************
2022-03-30 18:05:26,568:INFO:****Test***test_addCustomer Login successful***
2022-03-30 18:05:26,568:INFO:****started add Customer Test***
2022-03-30 20:39:14,625:INFO:********Test_003_AddCustomer**************
2022-03-30 20:39:21,281:INFO:****Test***test_addCustomer Login successful***
2022-03-30 20:39:21,281:INFO:****started add Customer Test***
2022-03-30 20:40:12,707:INFO:****Providing customer information****
2022-03-30 20:47:05,669:INFO:********Test_003_AddCustomer**************
2022-03-30 20:47:13,486:INFO:****Test***test_addCustomer Login successful***
2022-03-30 20:47:13,486:INFO:****started add Customer Test***
2022-03-30 20:48:06,644:INFO:****Providing customer information****
2022-03-30 20:51:22,993:INFO:********Test_003_AddCustomer**************
2022-03-30 20:51:30,689:INFO:****Test***test_addCustomer Login successful***
2022-03-30 20:51:30,690:INFO:****started add Customer Test***
2022-03-30 20:52:20,775:INFO:****Providing customer information****
2022-03-30 20:55:36,651:INFO:********Test_003_AddCustomer**************
2022-03-30 20:56:01,798:INFO:****Test***test_addCustomer Login successful***
2022-03-30 20:56:01,799:INFO:****started add Customer Test***
2022-03-30 20:56:51,436:INFO:****Providing customer information****
2022-03-30 20:57:05,273:INFO:****save customer details*****
2022-03-30 20:57:05,274:INFO:****Add customer validation starts****
2022-03-30 21:12:41,284:INFO:********Test_003_AddCustomer**************
2022-03-30 21:12:48,885:INFO:****Test***test_addCustomer Login successful***
2022-03-30 21:12:48,886:INFO:****started add Customer Test***
2022-03-30 21:13:40,602:INFO:****Providing customer information****
2022-03-30 21:13:53,998:INFO:****save customer details*****
2022-03-30 21:13:53,998:INFO:****Add customer validation starts****
2022-03-30 21:22:58,072:INFO:********Test_003_AddCustomer**************
2022-03-30 21:23:05,481:INFO:****Test***test_addCustomer Login successful***
2022-03-30 21:23:05,481:INFO:****started add Customer Test***
2022-03-30 21:23:55,423:INFO:****Providing customer information****
2022-03-30 21:24:09,252:INFO:****save customer details*****
2022-03-30 21:24:09,252:INFO:****Add customer validation starts****
2022-03-30 21:24:10,013:INFO:***add customer Test Case is passed***
2022-03-31 12:09:16,813:INFO:********Test_003_AddCustomer**************
2022-03-31 12:09:24,691:INFO:****Test***test_addCustomer Login successful***
2022-03-31 12:09:24,691:INFO:****started add Customer Test***
2022-03-31 12:10:20,523:INFO:****Providing customer information****
2022-03-31 12:14:53,381:INFO:********Test_003_AddCustomer**************
2022-03-31 12:15:32,421:INFO:****Test***test_addCustomer Login successful***
2022-03-31 12:15:32,421:INFO:****started add Customer Test***
2022-03-31 12:16:22,783:INFO:****Providing customer information****
2022-03-31 12:23:04,422:INFO:********Test_003_AddCustomer**************
2022-03-31 12:23:13,966:INFO:****Test***test_addCustomer Login successful***
2022-03-31 12:23:13,966:INFO:****started add Customer Test***
2022-03-31 12:25:31,214:INFO:********Test_003_AddCustomer**************
2022-03-31 12:25:39,915:INFO:****Test***test_addCustomer Login successful***
2022-03-31 12:25:39,915:INFO:****started add Customer Test***
2022-03-31 12:26:30,940:INFO:****Providing customer information****
2022-03-31 12:31:35,442:INFO:********Test_003_AddCustomer**************
2022-03-31 12:31:42,915:INFO:****Test***test_addCustomer Login successful***
2022-03-31 12:31:42,923:INFO:****started add Customer Test***
2022-03-31 12:32:38,907:INFO:****Providing customer information****
2022-03-31 12:32:58,381:INFO:****save customer details*****
2022-03-31 12:32:58,381:INFO:****Add customer validation starts****
2022-03-31 12:32:58,920:INFO:***add customer Test Case is passed***
2022-03-31 12:50:04,547:INFO:********Test_003_AddCustomer**************
2022-03-31 12:50:11,895:INFO:****Test***test_addCustomer Login successful***
2022-03-31 12:50:11,896:INFO:****started add Customer Test***
2022-03-31 12:51:00,950:INFO:****Providing customer information****
2022-03-31 12:56:44,400:INFO:********Test_003_AddCustomer**************
2022-03-31 12:56:51,531:INFO:****Test***test_addCustomer Login successful***
2022-03-31 12:56:51,532:INFO:****started add Customer Test***
2022-03-31 12:57:40,621:INFO:****Providing customer information****
2022-03-31 13:04:22,086:INFO:********Test_003_AddCustomer**************
2022-03-31 13:04:28,178:INFO:****Test***test_addCustomer Login successful***
2022-03-31 13:04:28,178:INFO:****started add Customer Test***
2022-03-31 13:05:17,474:INFO:****Providing customer information****
2022-03-31 13:09:13,571:INFO:********Test_003_AddCustomer**************
2022-03-31 13:09:20,248:INFO:****Test***test_addCustomer Login successful***
2022-03-31 13:09:20,248:INFO:****started add Customer Test***
2022-03-31 13:10:13,338:INFO:****Providing customer information****
2022-03-31 13:17:47,604:INFO:********Test_003_AddCustomer**************
2022-03-31 13:18:16,921:INFO:****Test***test_addCustomer Login successful***
2022-03-31 13:18:16,922:INFO:****started add Customer Test***
2022-03-31 13:19:10,935:INFO:****Providing customer information****
2022-03-31 13:26:36,060:INFO:********Test_003_AddCustomer**************
2022-03-31 13:26:58,781:INFO:****Test***test_addCustomer Login successful***
2022-03-31 13:26:58,781:INFO:****started add Customer Test***
2022-03-31 13:27:49,562:INFO:****Providing customer information****
2022-03-31 13:34:39,186:INFO:********Test_003_AddCustomer**************
2022-03-31 13:34:47,309:INFO:****Test***test_addCustomer Login successful***
2022-03-31 13:34:47,309:INFO:****started add Customer Test***
2022-03-31 13:35:36,552:INFO:****Providing customer information****
2022-03-31 13:42:20,895:INFO:********Test_003_AddCustomer**************
2022-03-31 13:42:29,089:INFO:****Test***test_addCustomer Login successful***
2022-03-31 13:42:29,090:INFO:****started add Customer Test***
2022-03-31 13:43:20,316:INFO:****Providing customer information****
2022-03-31 13:46:40,619:INFO:********Test_003_AddCustomer**************
2022-03-31 13:46:48,841:INFO:****Test***test_addCustomer Login successful***
2022-03-31 13:46:48,841:INFO:****started add Customer Test***
2022-03-31 13:47:38,340:INFO:****Providing customer information****
2022-03-31 14:12:08,713:INFO:********Test_003_AddCustomer**************
2022-03-31 14:12:16,628:INFO:****Test***test_addCustomer Login successful***
2022-03-31 14:12:16,628:INFO:****started add Customer Test***
2022-03-31 14:13:06,736:INFO:****Providing customer information****
2022-03-31 14:55:39,899:INFO:Test_001_login
2022-03-31 14:55:39,900:INFO:******************verifying home page title   *****
2022-03-31 14:55:42,598:INFO:****************** home page title test is passed*****
2022-03-31 14:55:44,255:INFO:****************** Verifying login page*****
2022-03-31 14:55:53,952:INFO:****************** hai sathish Login  page title test is passed*****
2022-03-31 15:18:04,744:INFO:********Test_003_AddCustomer**************
2022-03-31 15:18:12,295:INFO:****Test***test_addCustomer Login successful***
2022-03-31 15:18:12,295:INFO:****started add Customer Test***
2022-03-31 15:19:46,189:INFO:****Providing customer information****
2022-03-31 15:25:30,447:INFO:********Test_003_AddCustomer**************
2022-03-31 15:25:37,705:INFO:****Test***test_addCustomer Login successful***
2022-03-31 15:25:37,705:INFO:****started add Customer Test***
2022-03-31 15:26:27,448:INFO:****Providing customer information****
2022-03-31 15:32:20,764:INFO:********Test_003_AddCustomer**************
2022-03-31 15:32:59,136:INFO:****Test***test_addCustomer Login successful***
2022-03-31 15:32:59,136:INFO:****started add Customer Test***
2022-03-31 15:33:29,938:INFO:********Test_003_AddCustomer**************
2022-03-31 15:33:37,538:INFO:****Test***test_addCustomer Login successful***
2022-03-31 15:33:37,538:INFO:****started add Customer Test***
2022-03-31 15:34:27,508:INFO:****Providing customer information****
2022-03-31 15:38:57,719:INFO:********Test_003_AddCustomer**************
2022-03-31 15:39:39,883:INFO:****Test***test_addCustomer Login successful***
2022-03-31 15:39:39,891:INFO:****started add Customer Test***
2022-03-31 15:40:33,016:INFO:********Test_003_AddCustomer**************
2022-03-31 15:40:39,782:INFO:****Test***test_addCustomer Login successful***
2022-03-31 15:40:39,782:INFO:****started add Customer Test***
2022-03-31 15:41:30,107:INFO:****Providing customer information****
2022-03-31 15:56:06,870:INFO:********Test_003_AddCustomer**************
2022-03-31 15:56:15,931:INFO:****Test***test_addCustomer Login successful***
2022-03-31 15:56:15,931:INFO:****started add Customer Test***
2022-03-31 15:57:46,422:INFO:********Test_003_AddCustomer**************
2022-03-31 15:57:53,649:INFO:****Test***test_addCustomer Login successful***
2022-03-31 15:57:53,649:INFO:****started add Customer Test***
2022-03-31 15:58:43,724:INFO:****Providing customer information****
2022-03-31 16:00:40,448:INFO:********Test_003_AddCustomer**************
2022-03-31 16:01:03,543:INFO:****Test***test_addCustomer Login successful***
2022-03-31 16:01:03,543:INFO:****started add Customer Test***
2022-03-31 16:21:23,221:INFO:********Test_003_AddCustomer**************
2022-03-31 16:21:30,766:INFO:****Test***test_addCustomer Login successful***
2022-03-31 16:21:30,766:INFO:****started add Customer Test***
2022-03-31 16:22:20,833:INFO:****Providing customer information****
2022-03-31 16:22:24,885:INFO:****save customer details*****
2022-03-31 16:22:24,885:INFO:****Add customer validation starts****
2022-03-31 16:22:25,214:INFO:***add customer Test Case is passed***
2022-03-31 16:22:49,530:INFO:********Test_003_AddCustomer**************
2022-03-31 16:22:58,679:INFO:****Test***test_addCustomer Login successful***
2022-03-31 16:22:58,687:INFO:****started add Customer Test***
2022-03-31 16:23:43,707:INFO:********Test_003_AddCustomer**************
2022-03-31 16:24:08,334:INFO:****Test***test_addCustomer Login successful***
2022-03-31 16:24:08,334:INFO:****started add Customer Test***
2022-03-31 16:26:13,127:INFO:********Test_003_AddCustomer**************
2022-03-31 16:28:01,311:INFO:****Test***test_addCustomer Login successful***
2022-03-31 16:28:01,311:INFO:****started add Customer Test***
2022-03-31 16:32:10,720:INFO:********Test_003_AddCustomer**************
2022-03-31 16:32:19,698:INFO:****Test***test_addCustomer Login successful***
2022-03-31 16:32:19,698:INFO:****started add Customer Test***
2022-03-31 16:32:55,431:INFO:****Providing customer information****
2022-03-31 16:32:58,508:INFO:****save customer details*****
2022-03-31 16:32:58,508:INFO:****Add customer validation starts****
2022-03-31 16:34:38,204:INFO:***add customer Test Case is passed***
2022-03-31 16:40:28,159:INFO:********Test_003_AddCustomer**************
2022-03-31 16:40:36,689:INFO:****Test***test_addCustomer Login successful***
2022-03-31 16:40:36,689:INFO:****started add Customer Test***
2022-03-31 16:41:11,690:INFO:****Providing customer information****
2022-03-31 16:41:26,349:INFO:****save customer details*****
2022-03-31 16:41:26,349:INFO:****Add customer validation starts****
2022-03-31 16:41:27,650:INFO:***add customer Test Case is passed***
2022-03-31 17:09:04,240:INFO:********Test_003_AddCustomer**************
2022-03-31 17:09:12,815:INFO:****Test***test_addCustomer Login successful***
2022-03-31 17:09:12,815:INFO:****started add Customer Test***
2022-03-31 17:09:49,036:INFO:****Providing customer information****
2022-03-31 17:32:17,299:INFO:********Test_003_AddCustomer**************
2022-03-31 17:32:24,210:INFO:****Test***test_addCustomer Login successful***
2022-03-31 17:32:24,210:INFO:****started add Customer Test***
2022-03-31 17:32:58,741:INFO:****Providing customer information****
2022-03-31 17:33:30,720:INFO:****save customer details*****
2022-03-31 17:33:30,720:INFO:****Add customer validation starts****
2022-03-31 17:33:30,991:INFO:***add customer Test Case is passed***
2022-03-31 17:36:34,730:INFO:********Test_003_AddCustomer**************
2022-03-31 17:36:43,332:INFO:****Test***test_addCustomer Login successful***
2022-03-31 17:36:43,332:INFO:****started add Customer Test***
2022-03-31 17:37:18,384:INFO:****Providing customer information****
2022-03-31 17:44:57,778:INFO:********Test_003_AddCustomer**************
2022-03-31 17:45:05,984:INFO:****Test***test_addCustomer Login successful***
2022-03-31 17:45:05,985:INFO:****started add Customer Test***
2022-03-31 17:45:40,684:INFO:****Providing customer information****
2022-03-31 17:47:34,879:INFO:********Test_003_AddCustomer**************
2022-03-31 17:47:42,042:INFO:****Test***test_addCustomer Login successful***
2022-03-31 17:47:42,042:INFO:****started add Customer Test***
2022-03-31 17:48:17,482:INFO:****Providing customer information****
2022-03-31 17:55:23,390:INFO:********Test_003_AddCustomer**************
2022-03-31 17:55:31,082:INFO:****Test***test_addCustomer Login successful***
2022-03-31 17:55:31,083:INFO:****started add Customer Test***
2022-03-31 17:56:06,823:INFO:****Providing customer information****
2022-03-31 18:00:06,021:INFO:********Test_003_AddCustomer**************
2022-03-31 18:00:29,076:INFO:****Test***test_addCustomer Login successful***
2022-03-31 18:00:29,076:INFO:****started add Customer Test***
2022-03-31 18:01:19,656:INFO:****Providing customer information****
2022-03-31 18:33:13,965:INFO:********Test_003_AddCustomer**************
2022-03-31 18:33:20,943:INFO:****Test***test_addCustomer Login successful***
2022-03-31 18:33:20,943:INFO:****started add Customer Test***
2022-03-31 18:33:55,738:INFO:****Providing customer information****
2022-03-31 18:35:44,784:INFO:********Test_003_AddCustomer**************
2022-03-31 18:35:52,396:INFO:****Test***test_addCustomer Login successful***
2022-03-31 18:35:52,396:INFO:****started add Customer Test***
2022-03-31 18:36:27,453:INFO:****Providing customer information****
2022-03-31 18:42:06,756:INFO:********Test_003_AddCustomer**************
2022-03-31 18:42:14,717:INFO:****Test***test_addCustomer Login successful***
2022-03-31 18:42:14,717:INFO:****started add Customer Test***
2022-03-31 18:42:50,019:INFO:****Providing customer information****
2022-03-31 19:24:58,729:INFO:********Test_003_AddCustomer**************
2022-03-31 19:25:06,586:INFO:****Test***test_addCustomer Login successful***
2022-03-31 19:25:06,587:INFO:****started add Customer Test***
2022-03-31 19:25:44,186:INFO:****Providing customer information****
2022-03-31 19:34:33,622:INFO:********Test_003_AddCustomer**************
2022-03-31 19:34:56,970:INFO:****Test***test_addCustomer Login successful***
2022-03-31 19:34:56,971:INFO:****started add Customer Test***
2022-03-31 19:35:32,685:INFO:****Providing customer information****
2022-03-31 19:59:49,818:INFO:********Test_003_AddCustomer**************
2022-03-31 19:59:57,234:INFO:****Test***test_addCustomer Login successful***
2022-03-31 19:59:57,234:INFO:****started add Customer Test***
2022-03-31 20:00:33,133:INFO:****Providing customer information****
2022-03-31 20:07:45,966:INFO:********Test_003_AddCustomer**************
2022-03-31 20:07:53,369:INFO:****Test***test_addCustomer Login successful***
2022-03-31 20:07:53,369:INFO:****started add Customer Test***
2022-03-31 20:08:28,286:INFO:****Providing customer information****
2022-03-31 20:09:59,322:INFO:********Test_003_AddCustomer**************
2022-03-31 20:10:22,164:INFO:****Test***test_addCustomer Login successful***
2022-03-31 20:10:22,164:INFO:****started add Customer Test***
2022-03-31 20:10:58,258:INFO:****Providing customer information****
2022-03-31 20:12:59,776:INFO:********Test_003_AddCustomer**************
2022-03-31 20:13:22,916:INFO:****Test***test_addCustomer Login successful***
2022-03-31 20:13:22,916:INFO:****started add Customer Test***
2022-03-31 20:14:01,770:INFO:****Providing customer information****
2022-03-31 20:16:36,388:INFO:********Test_003_AddCustomer**************
2022-03-31 20:16:43,756:INFO:****Test***test_addCustomer Login successful***
2022-03-31 20:16:43,757:INFO:****started add Customer Test***
2022-03-31 20:17:44,978:INFO:****Providing customer information****
2022-03-31 20:23:01,672:INFO:********Test_003_AddCustomer**************
2022-03-31 20:23:08,830:INFO:****Test***test_addCustomer Login successful***
2022-03-31 20:23:08,831:INFO:****started add Customer Test***
2022-03-31 20:23:44,392:INFO:****Providing customer information****
2022-03-31 20:27:28,128:INFO:********Test_003_AddCustomer**************
2022-03-31 20:27:51,661:INFO:****Test***test_addCustomer Login successful***
2022-03-31 20:27:51,661:INFO:****started add Customer Test***
2022-03-31 20:30:05,520:INFO:****Providing customer information****
2022-03-31 20:31:09,628:INFO:********Test_003_AddCustomer**************
2022-03-31 20:31:32,349:INFO:****Test***test_addCustomer Login successful***
2022-03-31 20:31:32,349:INFO:****started add Customer Test***
2022-03-31 20:32:06,725:INFO:****Providing customer information****
2022-03-31 20:40:33,922:INFO:********Test_003_AddCustomer**************
2022-03-31 20:40:43,961:INFO:****Test***test_addCustomer Login successful***
2022-03-31 20:40:43,962:INFO:****started add Customer Test***
2022-03-31 20:41:22,256:INFO:****Providing customer information****
2022-03-31 20:43:10,825:INFO:********Test_003_AddCustomer**************
2022-03-31 20:43:19,232:INFO:****Test***test_addCustomer Login successful***
2022-03-31 20:43:19,232:INFO:****started add Customer Test***
2022-03-31 20:43:59,243:INFO:****Providing customer information****
2022-03-31 20:46:29,649:INFO:********Test_003_AddCustomer**************
2022-03-31 21:19:45,264:INFO:********Test_003_AddCustomer**************
2022-03-31 21:19:52,935:INFO:****Test***test_addCustomer Login successful***
2022-03-31 21:19:52,936:INFO:****started add Customer Test***
2022-03-31 21:20:28,837:INFO:****Providing customer information****
2022-04-01 12:11:08,176:INFO:********Test_003_AddCustomer**************
2022-04-01 12:11:15,737:INFO:****Test***test_addCustomer Login successful***
2022-04-01 12:11:15,737:INFO:****started add Customer Test***
2022-04-01 12:18:59,173:INFO:********Test_003_AddCustomer**************
2022-04-01 12:20:00,769:INFO:********Test_003_AddCustomer**************
2022-04-01 12:25:38,375:INFO:********Test_003_AddCustomer**************
2022-04-01 12:25:47,396:INFO:****Test***test_addCustomer Login successful***
2022-04-01 12:25:47,396:INFO:****started add Customer Test***
2022-04-01 12:26:23,688:INFO:****Providing customer information****
2022-04-01 12:29:05,631:INFO:********Test_003_AddCustomer**************
2022-04-01 12:29:13,561:INFO:****Test***test_addCustomer Login successful***
2022-04-01 12:29:13,562:INFO:****started add Customer Test***
2022-04-01 12:29:48,144:INFO:****Providing customer information****
2022-04-01 12:30:59,192:INFO:********Test_003_AddCustomer**************
2022-04-01 12:31:06,342:INFO:****Test***test_addCustomer Login successful***
2022-04-01 12:31:06,342:INFO:****started add Customer Test***
2022-04-01 12:31:40,665:INFO:****Providing customer information****
2022-04-01 12:32:33,694:INFO:********Test_003_AddCustomer**************
2022-04-01 12:32:54,780:INFO:****Test***test_addCustomer Login successful***
2022-04-01 12:32:54,780:INFO:****started add Customer Test***
2022-04-01 12:33:28,823:INFO:****Providing customer information****
2022-04-01 12:35:42,667:INFO:********Test_003_AddCustomer**************
2022-04-01 12:35:49,654:INFO:****Test***test_addCustomer Login successful***
2022-04-01 12:35:49,654:INFO:****started add Customer Test***
2022-04-01 12:36:24,358:INFO:****Providing customer information****
2022-04-01 12:37:11,713:INFO:********Test_003_AddCustomer**************
2022-04-01 12:37:18,973:INFO:****Test***test_addCustomer Login successful***
2022-04-01 12:37:18,973:INFO:****started add Customer Test***
2022-04-01 12:37:53,650:INFO:****Providing customer information****
2022-04-01 12:41:50,745:INFO:********Test_003_AddCustomer**************
2022-04-01 12:41:58,902:INFO:****Test***test_addCustomer Login successful***
2022-04-01 12:41:58,902:INFO:****started add Customer Test***
2022-04-01 12:42:33,700:INFO:****Providing customer information****
2022-04-01 12:43:50,925:INFO:********Test_003_AddCustomer**************
2022-04-01 12:43:58,335:INFO:****Test***test_addCustomer Login successful***
2022-04-01 12:43:58,336:INFO:****started add Customer Test***
2022-04-01 12:44:33,191:INFO:****Providing customer information****
2022-04-01 12:48:51,176:INFO:********Test_003_AddCustomer**************
2022-04-01 12:48:59,323:INFO:****Test***test_addCustomer Login successful***
2022-04-01 12:48:59,323:INFO:****started add Customer Test***
2022-04-01 12:49:34,126:INFO:****Providing customer information****
2022-04-01 12:52:58,641:INFO:********Test_003_AddCustomer**************
2022-04-01 12:53:05,933:INFO:****Test***test_addCustomer Login successful***
2022-04-01 12:53:05,933:INFO:****started add Customer Test***
2022-04-01 12:53:40,489:INFO:****Providing customer information****
2022-04-01 12:55:46,993:INFO:********Test_003_AddCustomer**************
2022-04-01 12:55:53,219:INFO:****Test***test_addCustomer Login successful***
2022-04-01 12:55:53,219:INFO:****started add Customer Test***
2022-04-01 12:56:28,296:INFO:****Providing customer information****
2022-04-01 13:02:55,117:INFO:********Test_003_AddCustomer**************
2022-04-01 13:03:01,888:INFO:****Test***test_addCustomer Login successful***
2022-04-01 13:03:01,888:INFO:****started add Customer Test***
2022-04-01 13:03:36,352:INFO:****Providing customer information****
2022-04-01 13:09:09,820:INFO:********Test_003_AddCustomer**************
2022-04-01 13:09:17,234:INFO:****Test***test_addCustomer Login successful***
2022-04-01 13:09:17,235:INFO:****started add Customer Test***
2022-04-01 13:09:51,959:INFO:****Providing customer information****
2022-04-01 13:13:17,762:INFO:********Test_003_AddCustomer**************
2022-04-01 13:13:40,374:INFO:****Test***test_addCustomer Login successful***
2022-04-01 13:13:40,374:INFO:****started add Customer Test***
2022-04-01 13:14:14,357:INFO:****Providing customer information****
2022-04-01 13:25:50,736:INFO:********Test_003_AddCustomer**************
2022-04-01 13:25:59,349:INFO:****Test***test_addCustomer Login successful***
2022-04-01 13:25:59,350:INFO:****started add Customer Test***
2022-04-01 13:28:11,834:INFO:****Providing customer information****
2022-04-01 13:33:58,215:INFO:********Test_003_AddCustomer**************
2022-04-01 13:34:44,401:INFO:****Test***test_addCustomer Login successful***
2022-04-01 13:34:44,401:INFO:****started add Customer Test***
2022-04-01 13:39:59,497:INFO:********Test_003_AddCustomer**************
2022-04-01 13:40:07,115:INFO:****Test***test_addCustomer Login successful***
2022-04-01 13:40:07,115:INFO:****started add Customer Test***
2022-04-01 13:40:41,642:INFO:****Providing customer information****
2022-04-01 13:43:40,993:INFO:********Test_003_AddCustomer**************
2022-04-01 13:43:49,199:INFO:****Test***test_addCustomer Login successful***
2022-04-01 13:43:49,200:INFO:****started add Customer Test***
2022-04-01 13:44:23,017:INFO:****Providing customer information****
2022-04-01 13:45:00,451:INFO:****save customer details*****
2022-04-01 13:45:00,452:INFO:****Add customer validation starts****
2022-04-01 13:45:00,715:INFO:***add customer Test Case is passed***
2022-04-01 14:05:47,513:INFO:********Test_003_AddCustomer**************
2022-04-01 14:05:55,815:INFO:****Test***test_addCustomer Login successful***
2022-04-01 14:05:55,815:INFO:****started add Customer Test***
2022-04-01 14:06:29,974:INFO:****Providing customer information****
2022-04-01 14:07:07,153:INFO:****save customer details*****
2022-04-01 14:07:07,153:INFO:****Add customer validation starts****
2022-04-01 14:07:07,416:INFO:***add customer Test Case is passed***
2022-04-01 14:08:28,229:INFO:********Test_003_AddCustomer**************
2022-04-01 14:08:36,053:INFO:****Test***test_addCustomer Login successful***
2022-04-01 14:08:36,053:INFO:****started add Customer Test***
2022-04-01 14:09:10,668:INFO:****Providing customer information****
2022-04-01 14:11:11,077:INFO:********Test_003_AddCustomer**************
2022-04-01 14:11:18,618:INFO:****Test***test_addCustomer Login successful***
2022-04-01 14:11:18,618:INFO:****started add Customer Test***
2022-04-01 14:11:52,999:INFO:****Providing customer information****
2022-04-01 14:13:41,384:INFO:********Test_003_AddCustomer**************
2022-04-01 14:14:09,863:INFO:****Test***test_addCustomer Login successful***
2022-04-01 14:14:09,863:INFO:****started add Customer Test***
2022-04-01 15:14:59,377:INFO:********Test_003_AddCustomer**************
2022-04-01 15:16:18,067:INFO:********Test_003_AddCustomer**************
2022-04-01 15:16:26,857:INFO:****Test***test_addCustomer Login successful***
2022-04-01 15:16:26,857:INFO:****started add Customer Test***
2022-04-01 15:18:40,830:INFO:****Providing customer information****
2022-04-01 15:19:18,439:INFO:********Test_003_AddCustomer**************
2022-04-01 15:19:33,355:INFO:****Test***test_addCustomer Login successful***
2022-04-01 15:19:33,355:INFO:****started add Customer Test***
2022-04-01 15:20:11,546:INFO:****Providing customer information****
2022-04-01 15:25:39,429:INFO:********Test_003_AddCustomer**************
2022-04-01 15:25:49,407:INFO:********Test_003_AddCustomer**************
2022-04-01 15:25:52,494:INFO:****Test***test_addCustomer Login successful***
2022-04-01 15:25:52,494:INFO:****started add Customer Test***
2022-04-01 15:26:25,088:INFO:********Test_003_AddCustomer**************
2022-04-01 15:26:33,390:INFO:****Test***test_addCustomer Login successful***
2022-04-01 15:26:33,390:INFO:****started add Customer Test***
2022-04-01 15:27:09,568:INFO:****Providing customer information****
2022-04-01 15:47:35,265:INFO:********Test_003_AddCustomer**************
2022-04-01 15:47:43,091:INFO:****Test***test_addCustomer Login successful***
2022-04-01 15:47:43,091:INFO:****started add Customer Test***
2022-04-01 15:48:17,634:INFO:****Providing customer information****
2022-04-01 15:54:00,382:INFO:********Test_003_AddCustomer**************
2022-04-01 15:54:39,555:INFO:****Test***test_addCustomer Login successful***
2022-04-01 15:54:39,555:INFO:****started add Customer Test***
2022-04-01 15:55:24,354:INFO:********Test_003_AddCustomer**************
2022-04-01 15:55:36,387:INFO:****Test***test_addCustomer Login successful***
2022-04-01 15:55:36,387:INFO:****started add Customer Test***
2022-04-01 15:57:08,847:INFO:****Providing customer information****
2022-04-01 15:57:26,530:INFO:****save customer details*****
2022-04-01 15:57:26,530:INFO:****Add customer validation starts****
2022-04-01 15:58:05,547:INFO:********Test_003_AddCustomer**************
2022-04-01 15:58:13,485:INFO:****Test***test_addCustomer Login successful***
2022-04-01 15:58:13,485:INFO:****started add Customer Test***
2022-04-01 15:58:49,943:INFO:****Providing customer information****
2022-04-01 15:59:09,481:INFO:****save customer details*****
2022-04-01 15:59:09,481:INFO:****Add customer validation starts****
2022-04-01 15:59:10,033:INFO:***add customer Test Case is passed***
2022-04-02 18:59:15,879:INFO:Test_001_login
2022-04-02 18:59:15,882:INFO:******************verifying home page title   *****
2022-04-02 18:59:18,623:INFO:****************** home page title test is passed*****
2022-04-02 18:59:20,152:INFO:****************** Verifying login page*****
2022-04-02 18:59:27,772:INFO:****************** hai sathish Login  page title test is passed*****
2022-04-02 19:00:59,499:INFO:********Test_003_AddCustomer**************
2022-04-02 19:01:22,534:INFO:****Test***test_addCustomer Login successful***
2022-04-02 19:01:22,535:INFO:****started add Customer Test***
2022-04-02 19:02:00,731:INFO:****Providing customer information****
2022-04-02 19:02:19,645:INFO:****save customer details*****
2022-04-02 19:02:19,645:INFO:****Add customer validation starts****
2022-04-02 19:02:20,916:INFO:***add customer Test Case is passed***
2022-04-02 19:05:33,487:INFO:*********search _customer_by _email_004*********
2022-04-02 19:21:47,110:INFO:*********search _customer_by _email_004*********
2022-04-02 19:24:18,351:INFO:********Test_003_AddCustomer**************
2022-04-02 19:24:42,342:INFO:****Test***test_addCustomer Login successful***
2022-04-02 19:24:42,342:INFO:****started add Customer Test***
2022-04-02 19:25:17,537:INFO:****Providing customer information****
2022-04-02 19:25:36,245:INFO:****save customer details*****
2022-04-02 19:25:36,246:INFO:****Add customer validation starts****
2022-04-02 19:25:37,154:INFO:***add customer Test Case is passed***
2022-04-02 19:26:02,533:INFO:*********search _customer_by _email_004*********
2022-04-02 19:30:27,210:INFO:*********search _customer_by _email_004*********
2022-04-02 19:33:05,885:INFO:*********search _customer_by _email_004*********
2022-04-02 19:38:27,650:INFO:*********search _customer_by _email_004*********
2022-04-02 19:39:48,852:INFO:*********search _customer_by _email_004*********
2022-04-02 19:45:00,364:INFO:*********search _customer_by _email_004*********
2022-04-02 19:46:20,653:INFO:*********search _customer_by _email_004*********
2022-04-02 19:54:56,467:INFO:*********search _customer_by _email_004*********
2022-04-02 19:58:42,179:INFO:*********search _customer_by _email_004*********
2022-04-02 20:02:29,949:INFO:*********search _customer_by _email_004*********
2022-04-02 20:04:02,839:INFO:*********search _customer_by _email_004*********
2022-04-02 21:10:14,285:INFO:*********search _customer_by _email_004*********
2022-04-02 21:20:17,598:INFO:*********search _customer_by _email_004*********
2022-04-02 21:22:09,433:INFO:*********search customer by email******
2022-04-02 21:25:17,023:INFO:*********search _customer_by _email_004*********
2022-04-02 21:25:37,920:INFO:*********search _customer_by _email_004*********
2022-04-02 21:26:26,891:INFO:*********search customer by email******
2022-04-04 19:26:08,311:INFO:*********search _customer_by _email_004*********
2022-04-04 19:26:23,319:INFO:*********search _customer_by _email_004*********
2022-04-04 19:26:59,145:INFO:*********search _customer_by _email_004*********
2022-04-04 19:29:57,897:INFO:*********search customer by email******
2022-04-04 19:30:22,611:INFO:*********search _customer_by _email_004*********
2022-04-04 19:31:11,455:INFO:*********search customer by email******
2022-04-04 19:33:34,635:INFO:*********search _customer_by _email_004*********
2022-04-04 19:34:29,600:INFO:*********search customer by email******
2022-04-04 19:36:30,484:INFO:*********search _customer_by _email_004*********
2022-04-04 19:37:20,587:INFO:*********search customer by email******
2022-04-04 19:42:07,782:INFO:*********search _customer_by _email_004*********
2022-04-04 19:44:07,223:INFO:*********search _customer_by _email_004*********
2022-04-04 19:44:58,959:INFO:*********search customer by email******
2022-04-04 19:45:29,009:INFO:*********search _customer_by _email_004*********
2022-04-04 19:49:12,297:INFO:*********search _customer_by _email_004*********
2022-04-04 19:54:25,898:INFO:*********search _customer_by _email_004*********
2022-04-04 19:55:15,837:INFO:*********search customer by email******
2022-04-05 15:38:30,690:INFO:*********search _customer_by _email_004*********
2022-04-05 15:39:34,137:INFO:*********search customer by email******
2022-04-05 15:46:40,639:INFO:*********search _customer_by _email_004*********
2022-04-05 15:47:32,649:INFO:*********search customer by email******
2022-04-05 15:50:45,199:INFO:*********search _customer_by _email_004*********
2022-04-05 16:03:23,839:INFO:*********search _customer_by _email_004*********
2022-04-05 16:07:14,963:INFO:*****Test_005_searchCustbyName****
2022-04-05 16:07:14,963:INFO:*********search _customer_by _Name_005*********
2022-04-05 16:07:32,855:INFO:*********Login successful*********
2022-04-05 16:22:45,100:INFO:*****Test_005_searchCustbyName****
2022-04-05 16:22:45,100:INFO:*********search _customer_by _Name_005*********
2022-04-05 16:22:54,671:INFO:*********Login successful*********
2022-04-05 16:22:54,671:INFO:****start Add customer****
2022-04-05 16:26:12,767:INFO:*****Test_005_searchCustbyName****
2022-04-05 16:26:12,767:INFO:*********search _customer_by _Name_005*********
2022-04-05 16:26:23,830:INFO:*********Login successful*********
2022-04-05 16:26:23,830:INFO:****start Add customer****
2022-04-05 16:34:09,698:INFO:*****Test_005_searchCustbyName****
2022-04-05 16:34:09,698:INFO:*********search _customer_by _Name_005*********
2022-04-05 16:34:19,281:INFO:*********Login successful*********
2022-04-05 16:34:19,281:INFO:****start Add customer****
2022-04-05 16:36:03,727:INFO:*****Test_005_searchCustbyName****
2022-04-05 16:36:03,727:INFO:*********search _customer_by _Name_005*********
2022-04-05 16:36:28,097:INFO:*********Login successful*********
2022-04-05 16:36:28,097:INFO:****start Add customer****
2022-04-05 16:38:48,172:INFO:*****Test_005_searchCustbyName****
2022-04-05 16:38:48,172:INFO:*********search _customer_by _Name_005*********
2022-04-05 16:39:12,449:INFO:*********Login successful*********
2022-04-05 16:39:12,449:INFO:****start Add customer****
2022-04-05 16:41:48,209:INFO:*****Test_005_searchCustbyName****
2022-04-05 16:41:48,209:INFO:*********search _customer_by _Name_005*********
2022-04-05 16:41:57,885:INFO:*********Login successful*********
2022-04-05 16:41:57,885:INFO:****start Add customer****
2022-04-05 16:44:44,954:INFO:*****Test_005_searchCustbyName****
2022-04-05 16:44:44,954:INFO:*********search _customer_by _Name_005*********
2022-04-05 16:44:54,143:INFO:*********Login successful*********
2022-04-05 16:44:54,143:INFO:****start Add customer****
2022-04-05 16:45:39,831:INFO:*****Test_005_searchCustbyName****
2022-04-05 16:45:39,831:INFO:*********search _customer_by _Name_005*********
2022-04-05 16:45:50,183:INFO:*********Login successful*********
2022-04-05 16:45:50,183:INFO:****start Add customer****
2022-04-05 17:21:36,526:INFO:*****Test_005_searchCustbyName****
2022-04-05 17:21:36,526:INFO:*********search _customer_by _Name_005*********
2022-04-05 17:21:45,196:INFO:*********Login successful*********
2022-04-05 17:21:45,196:INFO:****start Add customer****
2022-04-05 17:44:12,467:INFO:*****Test_005_searchCustbyName****
2022-04-05 17:44:12,467:INFO:*********search _customer_by _Name_005*********
2022-04-05 17:44:22,354:INFO:*********Login successful*********
2022-04-05 17:44:22,354:INFO:****start Add customer****
2022-04-05 17:54:09,717:INFO:*********search _customer_by _email_004*********
2022-04-05 17:55:53,119:INFO:*****Test_005_searchCustbyName****
2022-04-05 17:55:53,119:INFO:*********search _customer_by _Name_005*********
2022-04-05 17:56:02,925:INFO:*********Login successful*********
2022-04-05 17:56:02,925:INFO:****start Add customer****
2022-04-05 18:00:55,547:INFO:*********search _customer_by _email_004*********
2022-04-05 18:02:35,758:INFO:*********search _customer_by _email_004*********
2022-04-05 18:07:34,822:INFO:*********search _customer_by _email_004*********
2022-04-05 18:09:09,336:INFO:********Test_003_AddCustomer**************
2022-04-05 18:09:34,875:INFO:****Test***test_addCustomer Login successful***
2022-04-05 18:09:34,875:INFO:****started add Customer Test***
2022-04-05 18:14:02,542:INFO:********Test_003_AddCustomer**************
2022-04-05 18:14:16,119:INFO:****Test***test_addCustomer Login successful***
2022-04-05 18:14:16,119:INFO:****started add Customer Test***
2022-04-05 18:15:02,473:INFO:****Providing customer information****
2022-04-06 11:08:25,249:INFO:*****Test_005_searchCustbyName****
2022-04-06 11:08:25,249:INFO:*********search _customer_by _Name_005*********
2022-04-06 11:08:36,553:INFO:*********Login successful*********
2022-04-06 11:08:36,561:INFO:****start Add customer****
2022-04-06 15:50:06,998:INFO:*********search _customer_by _email_004*********
2022-04-06 15:50:55,269:INFO:*********search customer by email******
2022-04-06 15:51:10,572:INFO:the tc search by email  is pass
2022-04-06 15:53:55,486:INFO:*****Test_005_searchCustbyName****
2022-04-06 15:53:55,486:INFO:*********search _customer_by _Name_005*********
2022-04-06 15:54:18,755:INFO:*********Login successful*********
2022-04-06 15:54:18,756:INFO:****start Add customer****
2022-04-06 15:55:07,044:INFO:The tc search by name is pass
2022-04-06 16:20:58,281:INFO:*****Test_005_searchCustbyName****
2022-04-06 16:20:58,282:INFO:*********search _customer_by _Name_005*********
2022-04-06 16:21:10,162:INFO:*********Login successful*********
2022-04-06 16:21:10,162:INFO:****start Add customer****
2022-04-06 16:22:07,410:INFO:*****Test_005_searchCustbyName****
2022-04-06 16:22:07,411:INFO:*********search _customer_by _Name_005*********
2022-04-06 16:22:18,854:INFO:*********Login successful*********
2022-04-06 16:22:18,855:INFO:****start Add customer****
2022-04-06 16:25:03,202:INFO:*****Test_005_searchCustbyName****
2022-04-06 16:25:03,204:INFO:*********search _customer_by _Name_005*********
2022-04-06 16:25:13,551:INFO:*********Login successful*********
2022-04-06 16:25:13,552:INFO:****start Add customer****
2022-04-06 16:26:48,693:INFO:*****Test_005_searchCustbyName****
2022-04-06 16:26:48,694:INFO:*********search _customer_by _Name_005*********
2022-04-06 16:26:57,628:INFO:*********Login successful*********
2022-04-06 16:26:57,628:INFO:****start Add customer****
2022-04-06 16:27:46,578:INFO:The tc search by name is pass
2022-04-07 15:52:13,376:INFO:Test_001_login
2022-04-07 15:52:13,376:INFO:Test_001_login
2022-04-07 15:52:13,376:INFO:Test_001_login
2022-04-07 15:52:13,376:INFO:Test_001_login
2022-04-07 15:52:13,376:INFO:Test_001_login
2022-04-07 15:52:13,389:INFO:******************verifying home page title   *****
2022-04-07 15:52:13,389:INFO:******************verifying home page title   *****
2022-04-07 15:52:13,389:INFO:******************verifying home page title   *****
2022-04-07 15:52:13,389:INFO:******************verifying home page title   *****
2022-04-07 15:52:13,389:INFO:******************verifying home page title   *****
2022-04-07 15:52:17,015:INFO:****************** home page title test is passed*****
2022-04-07 15:52:17,015:INFO:****************** home page title test is passed*****
2022-04-07 15:52:17,015:INFO:****************** home page title test is passed*****
2022-04-07 15:52:17,015:INFO:****************** home page title test is passed*****
2022-04-07 15:52:17,015:INFO:****************** home page title test is passed*****
2022-04-07 15:53:45,193:INFO:Test_001_login
2022-04-07 15:53:45,193:INFO:Test_001_login
2022-04-07 15:53:45,193:INFO:Test_001_login
2022-04-07 15:53:45,193:INFO:Test_001_login
2022-04-07 15:53:45,193:INFO:Test_001_login
2022-04-07 15:53:45,194:INFO:******************verifying home page title   *****
2022-04-07 15:53:45,194:INFO:******************verifying home page title   *****
2022-04-07 15:53:45,194:INFO:******************verifying home page title   *****
2022-04-07 15:53:45,194:INFO:******************verifying home page title   *****
2022-04-07 15:53:45,194:INFO:******************verifying home page title   *****
2022-04-07 15:53:48,737:INFO:****************** home page title test is passed*****
2022-04-07 15:53:48,737:INFO:****************** home page title test is passed*****
2022-04-07 15:53:48,737:INFO:****************** home page title test is passed*****
2022-04-07 15:53:48,737:INFO:****************** home page title test is passed*****
2022-04-07 15:53:48,737:INFO:****************** home page title test is passed*****
2022-04-07 15:53:50,699:INFO:*****Test_005_searchCustbyName****
2022-04-07 15:53:50,699:INFO:*****Test_005_searchCustbyName****
2022-04-07 15:53:50,699:INFO:*****Test_005_searchCustbyName****
2022-04-07 15:53:50,699:INFO:*****Test_005_searchCustbyName****
2022-04-07 15:53:50,699:INFO:*****Test_005_searchCustbyName****
2022-04-07 15:53:50,701:INFO:*********search _customer_by _Name_005*********
2022-04-07 15:53:50,701:INFO:*********search _customer_by _Name_005*********
2022-04-07 15:53:50,701:INFO:*********search _customer_by _Name_005*********
2022-04-07 15:53:50,701:INFO:*********search _customer_by _Name_005*********
2022-04-07 15:53:50,701:INFO:*********search _customer_by _Name_005*********
2022-04-07 15:54:01,075:INFO:*********Login successful*********
2022-04-07 15:54:01,075:INFO:*********Login successful*********
2022-04-07 15:54:01,075:INFO:*********Login successful*********
2022-04-07 15:54:01,075:INFO:*********Login successful*********
2022-04-07 15:54:01,075:INFO:*********Login successful*********
2022-04-07 15:54:01,075:INFO:****start Add customer****
2022-04-07 15:54:01,075:INFO:****start Add customer****
2022-04-07 15:54:01,075:INFO:****start Add customer****
2022-04-07 15:54:01,075:INFO:****start Add customer****
2022-04-07 15:54:01,075:INFO:****start Add customer****
2022-04-07 15:57:24,125:INFO:Test_001_login
2022-04-07 15:57:24,125:INFO:Test_001_login
2022-04-07 15:57:24,125:INFO:Test_001_login
2022-04-07 15:57:24,125:INFO:Test_001_login
2022-04-07 15:57:24,125:INFO:Test_001_login
2022-04-07 15:57:24,126:INFO:******************verifying home page title   *****
2022-04-07 15:57:24,126:INFO:******************verifying home page title   *****
2022-04-07 15:57:24,126:INFO:******************verifying home page title   *****
2022-04-07 15:57:24,126:INFO:******************verifying home page title   *****
2022-04-07 15:57:24,126:INFO:******************verifying home page title   *****
2022-04-07 15:57:27,897:INFO:****************** home page title test is passed*****
2022-04-07 15:57:27,897:INFO:****************** home page title test is passed*****
2022-04-07 15:57:27,897:INFO:****************** home page title test is passed*****
2022-04-07 15:57:27,897:INFO:****************** home page title test is passed*****
2022-04-07 15:57:27,897:INFO:****************** home page title test is passed*****
2022-04-07 15:57:29,809:INFO:*****Test_005_searchCustbyName****
2022-04-07 15:57:29,809:INFO:*****Test_005_searchCustbyName****
2022-04-07 15:57:29,809:INFO:*****Test_005_searchCustbyName****
2022-04-07 15:57:29,809:INFO:*****Test_005_searchCustbyName****
2022-04-07 15:57:29,809:INFO:*****Test_005_searchCustbyName****
2022-04-07 15:57:29,810:INFO:*********search _customer_by _Name_005*********
2022-04-07 15:57:29,810:INFO:*********search _customer_by _Name_005*********
2022-04-07 15:57:29,810:INFO:*********search _customer_by _Name_005*********
2022-04-07 15:57:29,810:INFO:*********search _customer_by _Name_005*********
2022-04-07 15:57:29,810:INFO:*********search _customer_by _Name_005*********
2022-04-07 15:57:41,323:INFO:*********Login successful*********
2022-04-07 15:57:41,323:INFO:*********Login successful*********
2022-04-07 15:57:41,323:INFO:*********Login successful*********
2022-04-07 15:57:41,323:INFO:*********Login successful*********
2022-04-07 15:57:41,323:INFO:*********Login successful*********
2022-04-07 15:57:41,323:INFO:****start Add customer****
2022-04-07 15:57:41,323:INFO:****start Add customer****
2022-04-07 15:57:41,323:INFO:****start Add customer****
2022-04-07 15:57:41,323:INFO:****start Add customer****
2022-04-07 15:57:41,323:INFO:****start Add customer****
2022-04-07 15:58:31,487:INFO:The tc search by name is pass
2022-04-07 15:58:31,487:INFO:The tc search by name is pass
2022-04-07 15:58:31,487:INFO:The tc search by name is pass
2022-04-07 15:58:31,487:INFO:The tc search by name is pass
2022-04-07 15:58:31,487:INFO:The tc search by name is pass
2022-04-07 16:00:01,979:INFO:Test_001_login
2022-04-07 16:00:01,979:INFO:Test_001_login
2022-04-07 16:00:01,979:INFO:Test_001_login
2022-04-07 16:00:01,979:INFO:Test_001_login
2022-04-07 16:00:01,979:INFO:Test_001_login
2022-04-07 16:00:01,980:INFO:******************verifying home page title   *****
2022-04-07 16:00:01,980:INFO:******************verifying home page title   *****
2022-04-07 16:00:01,980:INFO:******************verifying home page title   *****
2022-04-07 16:00:01,980:INFO:******************verifying home page title   *****
2022-04-07 16:00:01,980:INFO:******************verifying home page title   *****
2022-04-07 16:00:05,454:INFO:****************** home page title test is passed*****
2022-04-07 16:00:05,454:INFO:****************** home page title test is passed*****
2022-04-07 16:00:05,454:INFO:****************** home page title test is passed*****
2022-04-07 16:00:05,454:INFO:****************** home page title test is passed*****
2022-04-07 16:00:05,454:INFO:****************** home page title test is passed*****
2022-04-07 16:00:07,559:INFO:*****Test_005_searchCustbyName****
2022-04-07 16:00:07,559:INFO:*****Test_005_searchCustbyName****
2022-04-07 16:00:07,559:INFO:*****Test_005_searchCustbyName****
2022-04-07 16:00:07,559:INFO:*****Test_005_searchCustbyName****
2022-04-07 16:00:07,559:INFO:*****Test_005_searchCustbyName****
2022-04-07 16:00:07,560:INFO:*********search _customer_by _Name_005*********
2022-04-07 16:00:07,560:INFO:*********search _customer_by _Name_005*********
2022-04-07 16:00:07,560:INFO:*********search _customer_by _Name_005*********
2022-04-07 16:00:07,560:INFO:*********search _customer_by _Name_005*********
2022-04-07 16:00:07,560:INFO:*********search _customer_by _Name_005*********
2022-04-07 16:00:16,220:INFO:*********Login successful*********
2022-04-07 16:00:16,220:INFO:*********Login successful*********
2022-04-07 16:00:16,220:INFO:*********Login successful*********
2022-04-07 16:00:16,220:INFO:*********Login successful*********
2022-04-07 16:00:16,220:INFO:*********Login successful*********
2022-04-07 16:00:16,221:INFO:****start Add customer****
2022-04-07 16:00:16,221:INFO:****start Add customer****
2022-04-07 16:00:16,221:INFO:****start Add customer****
2022-04-07 16:00:16,221:INFO:****start Add customer****
2022-04-07 16:00:16,221:INFO:****start Add customer****
2022-04-07 16:11:20,712:INFO:Test_001_login
2022-04-07 16:11:20,712:INFO:Test_001_login
2022-04-07 16:11:20,712:INFO:Test_001_login
2022-04-07 16:11:20,712:INFO:Test_001_login
2022-04-07 16:11:20,712:INFO:Test_001_login
2022-04-07 16:11:20,713:INFO:******************verifying home page title   *****
2022-04-07 16:11:20,713:INFO:******************verifying home page title   *****
2022-04-07 16:11:20,713:INFO:******************verifying home page title   *****
2022-04-07 16:11:20,713:INFO:******************verifying home page title   *****
2022-04-07 16:11:20,713:INFO:******************verifying home page title   *****
2022-04-07 16:11:25,303:INFO:****************** home page title test is passed*****
2022-04-07 16:11:25,303:INFO:****************** home page title test is passed*****
2022-04-07 16:11:25,303:INFO:****************** home page title test is passed*****
2022-04-07 16:11:25,303:INFO:****************** home page title test is passed*****
2022-04-07 16:11:25,303:INFO:****************** home page title test is passed*****
2022-04-07 16:11:27,197:INFO:*****Test_005_searchCustbyName****
2022-04-07 16:11:27,197:INFO:*****Test_005_searchCustbyName****
2022-04-07 16:11:27,197:INFO:*****Test_005_searchCustbyName****
2022-04-07 16:11:27,197:INFO:*****Test_005_searchCustbyName****
2022-04-07 16:11:27,197:INFO:*****Test_005_searchCustbyName****
2022-04-07 16:11:27,198:INFO:*********search _customer_by _Name_005*********
2022-04-07 16:11:27,198:INFO:*********search _customer_by _Name_005*********
2022-04-07 16:11:27,198:INFO:*********search _customer_by _Name_005*********
2022-04-07 16:11:27,198:INFO:*********search _customer_by _Name_005*********
2022-04-07 16:11:27,198:INFO:*********search _customer_by _Name_005*********
2022-04-07 16:11:37,239:INFO:*********Login successful*********
2022-04-07 16:11:37,239:INFO:*********Login successful*********
2022-04-07 16:11:37,239:INFO:*********Login successful*********
2022-04-07 16:11:37,239:INFO:*********Login successful*********
2022-04-07 16:11:37,239:INFO:*********Login successful*********
2022-04-07 16:11:37,241:INFO:****start Add customer****
2022-04-07 16:11:37,241:INFO:****start Add customer****
2022-04-07 16:11:37,241:INFO:****start Add customer****
2022-04-07 16:11:37,241:INFO:****start Add customer****
2022-04-07 16:11:37,241:INFO:****start Add customer****
2022-04-08 12:16:30,328:INFO:Test_001_login
2022-04-08 12:16:30,328:INFO:Test_001_login
2022-04-08 12:16:30,328:INFO:Test_001_login
2022-04-08 12:16:30,328:INFO:Test_001_login
2022-04-08 12:16:30,328:INFO:Test_001_login
2022-04-08 12:16:30,330:INFO:******************verifying home page title   *****
2022-04-08 12:16:30,330:INFO:******************verifying home page title   *****
2022-04-08 12:16:30,330:INFO:******************verifying home page title   *****
2022-04-08 12:16:30,330:INFO:******************verifying home page title   *****
2022-04-08 12:16:30,330:INFO:******************verifying home page title   *****
2022-04-08 12:16:34,251:INFO:****************** home page title test is passed*****
2022-04-08 12:16:34,251:INFO:****************** home page title test is passed*****
2022-04-08 12:16:34,251:INFO:****************** home page title test is passed*****
2022-04-08 12:16:34,251:INFO:****************** home page title test is passed*****
2022-04-08 12:16:34,251:INFO:****************** home page title test is passed*****
2022-04-08 12:16:36,261:INFO:*****Test_005_searchCustbyName****
2022-04-08 12:16:36,261:INFO:*****Test_005_searchCustbyName****
2022-04-08 12:16:36,261:INFO:*****Test_005_searchCustbyName****
2022-04-08 12:16:36,261:INFO:*****Test_005_searchCustbyName****
2022-04-08 12:16:36,261:INFO:*****Test_005_searchCustbyName****
2022-04-08 12:16:36,262:INFO:*********search _customer_by _Name_005*********
2022-04-08 12:16:36,262:INFO:*********search _customer_by _Name_005*********
2022-04-08 12:16:36,262:INFO:*********search _customer_by _Name_005*********
2022-04-08 12:16:36,262:INFO:*********search _customer_by _Name_005*********
2022-04-08 12:16:36,262:INFO:*********search _customer_by _Name_005*********
2022-04-08 12:16:45,861:INFO:*********Login successful*********
2022-04-08 12:16:45,861:INFO:*********Login successful*********
2022-04-08 12:16:45,861:INFO:*********Login successful*********
2022-04-08 12:16:45,861:INFO:*********Login successful*********
2022-04-08 12:16:45,861:INFO:*********Login successful*********
2022-04-08 12:16:45,862:INFO:****start Add customer****
2022-04-08 12:16:45,862:INFO:****start Add customer****
2022-04-08 12:16:45,862:INFO:****start Add customer****
2022-04-08 12:16:45,862:INFO:****start Add customer****
2022-04-08 12:16:45,862:INFO:****start Add customer****
2022-04-08 12:18:15,558:INFO:The tc search by name is pass
2022-04-08 12:18:15,558:INFO:The tc search by name is pass
2022-04-08 12:18:15,558:INFO:The tc search by name is pass
2022-04-08 12:18:15,558:INFO:The tc search by name is pass
2022-04-08 12:18:15,558:INFO:The tc search by name is pass
2022-04-08 12:18:19,879:INFO:Test_001_login
2022-04-08 12:18:19,879:INFO:Test_001_login
2022-04-08 12:18:19,879:INFO:Test_001_login
2022-04-08 12:18:19,879:INFO:Test_001_login
2022-04-08 12:18:19,879:INFO:Test_001_login
2022-04-08 12:18:19,880:INFO:******************verifying home page title   *****
2022-04-08 12:18:19,880:INFO:******************verifying home page title   *****
2022-04-08 12:18:19,880:INFO:******************verifying home page title   *****
2022-04-08 12:18:19,880:INFO:******************verifying home page title   *****
2022-04-08 12:18:19,880:INFO:******************verifying home page title   *****
2022-04-08 12:18:24,172:INFO:****************** home page title test is passed*****
2022-04-08 12:18:24,172:INFO:****************** home page title test is passed*****
2022-04-08 12:18:24,172:INFO:****************** home page title test is passed*****
2022-04-08 12:18:24,172:INFO:****************** home page title test is passed*****
2022-04-08 12:18:24,172:INFO:****************** home page title test is passed*****
2022-04-08 12:18:28,414:INFO:****************** Test_002_DDT_login*****
2022-04-08 12:18:28,414:INFO:****************** Test_002_DDT_login*****
2022-04-08 12:18:28,414:INFO:****************** Test_002_DDT_login*****
2022-04-08 12:18:28,414:INFO:****************** Test_002_DDT_login*****
2022-04-08 12:18:28,414:INFO:****************** Test_002_DDT_login*****
2022-04-08 12:18:28,414:INFO:****************** Verifying login page*****
2022-04-08 12:18:28,414:INFO:****************** Verifying login page*****
2022-04-08 12:18:28,414:INFO:****************** Verifying login page*****
2022-04-08 12:18:28,414:INFO:****************** Verifying login page*****
2022-04-08 12:18:28,414:INFO:****************** Verifying login page*****
2022-04-08 12:19:02,290:INFO:****Passed***
2022-04-08 12:19:02,290:INFO:****Passed***
2022-04-08 12:19:02,290:INFO:****Passed***
2022-04-08 12:19:02,290:INFO:****Passed***
2022-04-08 12:19:02,290:INFO:****Passed***
2022-04-08 12:19:08,409:INFO:*****Test_005_searchCustbyName****
2022-04-08 12:19:08,409:INFO:*****Test_005_searchCustbyName****
2022-04-08 12:19:08,409:INFO:*****Test_005_searchCustbyName****
2022-04-08 12:19:08,409:INFO:*****Test_005_searchCustbyName****
2022-04-08 12:19:08,409:INFO:*****Test_005_searchCustbyName****
2022-04-08 12:19:08,410:INFO:*********search _customer_by _Name_005*********
2022-04-08 12:19:08,410:INFO:*********search _customer_by _Name_005*********
2022-04-08 12:19:08,410:INFO:*********search _customer_by _Name_005*********
2022-04-08 12:19:08,410:INFO:*********search _customer_by _Name_005*********
2022-04-08 12:19:08,410:INFO:*********search _customer_by _Name_005*********
2022-04-08 12:19:31,578:INFO:*********Login successful*********
2022-04-08 12:19:31,578:INFO:*********Login successful*********
2022-04-08 12:19:31,578:INFO:*********Login successful*********
2022-04-08 12:19:31,578:INFO:*********Login successful*********
2022-04-08 12:19:31,578:INFO:*********Login successful*********
2022-04-08 12:19:31,579:INFO:****start Add customer****
2022-04-08 12:19:31,579:INFO:****start Add customer****
2022-04-08 12:19:31,579:INFO:****start Add customer****
2022-04-08 12:19:31,579:INFO:****start Add customer****
2022-04-08 12:19:31,579:INFO:****start Add customer****
2022-04-11 17:25:11,011:INFO:Test_001_login
2022-04-11 17:25:11,011:INFO:Test_001_login
2022-04-11 17:25:11,011:INFO:Test_001_login
2022-04-11 17:25:11,011:INFO:Test_001_login
2022-04-11 17:25:11,011:INFO:Test_001_login
2022-04-11 17:25:11,011:INFO:******************verifying home page title   *****
2022-04-11 17:25:11,011:INFO:******************verifying home page title   *****
2022-04-11 17:25:11,011:INFO:******************verifying home page title   *****
2022-04-11 17:25:11,011:INFO:******************verifying home page title   *****
2022-04-11 17:25:11,011:INFO:******************verifying home page title   *****
2022-04-11 17:25:15,004:INFO:****************** home page title test is passed*****
2022-04-11 17:25:15,004:INFO:****************** home page title test is passed*****
2022-04-11 17:25:15,004:INFO:****************** home page title test is passed*****
2022-04-11 17:25:15,004:INFO:****************** home page title test is passed*****
2022-04-11 17:25:15,004:INFO:****************** home page title test is passed*****
2022-04-11 17:25:17,125:INFO:*****Test_005_searchCustbyName****
2022-04-11 17:25:17,125:INFO:*****Test_005_searchCustbyName****
2022-04-11 17:25:17,125:INFO:*****Test_005_searchCustbyName****
2022-04-11 17:25:17,125:INFO:*****Test_005_searchCustbyName****
2022-04-11 17:25:17,125:INFO:*****Test_005_searchCustbyName****
2022-04-11 17:25:17,133:INFO:*********search _customer_by _Name_005*********
2022-04-11 17:25:17,133:INFO:*********search _customer_by _Name_005*********
2022-04-11 17:25:17,133:INFO:*********search _customer_by _Name_005*********
2022-04-11 17:25:17,133:INFO:*********search _customer_by _Name_005*********
2022-04-11 17:25:17,133:INFO:*********search _customer_by _Name_005*********
2022-04-11 17:25:27,839:INFO:*********Login successful*********
2022-04-11 17:25:27,839:INFO:*********Login successful*********
2022-04-11 17:25:27,839:INFO:*********Login successful*********
2022-04-11 17:25:27,839:INFO:*********Login successful*********
2022-04-11 17:25:27,839:INFO:*********Login successful*********
2022-04-11 17:25:27,839:INFO:****start Add customer****
2022-04-11 17:25:27,839:INFO:****start Add customer****
2022-04-11 17:25:27,839:INFO:****start Add customer****
2022-04-11 17:25:27,839:INFO:****start Add customer****
2022-04-11 17:25:27,839:INFO:****start Add customer****
2022-04-11 17:26:21,535:INFO:The tc search by name is pass
2022-04-11 17:26:21,535:INFO:The tc search by name is pass
2022-04-11 17:26:21,535:INFO:The tc search by name is pass
2022-04-11 17:26:21,535:INFO:The tc search by name is pass
2022-04-11 17:26:21,535:INFO:The tc search by name is pass
2022-04-11 17:26:25,498:INFO:Test_001_login
2022-04-11 17:26:25,498:INFO:Test_001_login
2022-04-11 17:26:25,498:INFO:Test_001_login
2022-04-11 17:26:25,498:INFO:Test_001_login
2022-04-11 17:26:25,498:INFO:Test_001_login
2022-04-11 17:26:25,498:INFO:******************verifying home page title   *****
2022-04-11 17:26:25,498:INFO:******************verifying home page title   *****
2022-04-11 17:26:25,498:INFO:******************verifying home page title   *****
2022-04-11 17:26:25,498:INFO:******************verifying home page title   *****
2022-04-11 17:26:25,498:INFO:******************verifying home page title   *****
2022-04-11 17:28:12,564:INFO:****************** Test_002_DDT_login*****
2022-04-11 17:28:12,564:INFO:****************** Test_002_DDT_login*****
2022-04-11 17:28:12,564:INFO:****************** Test_002_DDT_login*****
2022-04-11 17:28:12,564:INFO:****************** Test_002_DDT_login*****
2022-04-11 17:28:12,564:INFO:****************** Test_002_DDT_login*****
2022-04-11 17:28:12,564:INFO:****************** Verifying login page*****
2022-04-11 17:28:12,564:INFO:****************** Verifying login page*****
2022-04-11 17:28:12,564:INFO:****************** Verifying login page*****
2022-04-11 17:28:12,564:INFO:****************** Verifying login page*****
2022-04-11 17:28:12,564:INFO:****************** Verifying login page*****
2022-04-11 17:28:36,235:INFO:****Passed***
2022-04-11 17:28:36,235:INFO:****Passed***
2022-04-11 17:28:36,235:INFO:****Passed***
2022-04-11 17:28:36,235:INFO:****Passed***
2022-04-11 17:28:36,235:INFO:****Passed***
2022-04-11 17:30:33,561:INFO:**Passed***
2022-04-11 17:30:33,561:INFO:**Passed***
2022-04-11 17:30:33,561:INFO:**Passed***
2022-04-11 17:30:33,561:INFO:**Passed***
2022-04-11 17:30:33,561:INFO:**Passed***
2022-04-11 17:30:37,660:INFO:*****Test_005_searchCustbyName****
2022-04-11 17:30:37,660:INFO:*****Test_005_searchCustbyName****
2022-04-11 17:30:37,660:INFO:*****Test_005_searchCustbyName****
2022-04-11 17:30:37,660:INFO:*****Test_005_searchCustbyName****
2022-04-11 17:30:37,660:INFO:*****Test_005_searchCustbyName****
2022-04-11 17:30:37,660:INFO:*********search _customer_by _Name_005*********
2022-04-11 17:30:37,660:INFO:*********search _customer_by _Name_005*********
2022-04-11 17:30:37,660:INFO:*********search _customer_by _Name_005*********
2022-04-11 17:30:37,660:INFO:*********search _customer_by _Name_005*********
2022-04-11 17:30:37,660:INFO:*********search _customer_by _Name_005*********
2022-04-11 17:30:48,039:INFO:*********Login successful*********
2022-04-11 17:30:48,039:INFO:*********Login successful*********
2022-04-11 17:30:48,039:INFO:*********Login successful*********
2022-04-11 17:30:48,039:INFO:*********Login successful*********
2022-04-11 17:30:48,039:INFO:*********Login successful*********
2022-04-11 17:30:48,039:INFO:****start Add customer****
2022-04-11 17:30:48,039:INFO:****start Add customer****
2022-04-11 17:30:48,039:INFO:****start Add customer****
2022-04-11 17:30:48,039:INFO:****start Add customer****
2022-04-11 17:30:48,039:INFO:****start Add customer****
2022-04-12 12:27:50,370:INFO:Test_001_login
2022-04-12 12:27:50,370:INFO:******************verifying home page title   *****
2022-04-12 12:27:52,852:INFO:****************** home page title test is passed*****
2022-04-12 12:27:55,147:INFO:****************** Verifying login page*****
2022-04-12 12:28:03,489:INFO:****************** hai sathish Login  page title test is passed*****
2022-04-12 12:28:22,154:INFO:Test_001_login
2022-04-12 12:28:22,154:INFO:******************verifying home page title   *****
2022-04-12 12:28:44,126:INFO:****************** home page title test is passed*****
2022-04-12 12:28:46,465:INFO:****************** Verifying login page*****
2022-04-12 12:28:58,409:INFO:****************** hai sathish Login  page title test is passed*****
2022-04-12 12:32:10,446:INFO:Test_001_login
2022-04-12 12:32:10,446:INFO:******************verifying home page title   *****
2022-04-12 12:32:12,650:INFO:****************** home page title test is passed*****
2022-04-12 12:32:14,703:INFO:****************** Verifying login page*****
2022-04-12 12:32:47,772:INFO:****************** hai sathish Login  page title test is passed*****
2022-04-12 12:47:39,745:INFO:Test_001_login
2022-04-12 12:47:39,745:INFO:******************verifying home page title   *****
2022-04-12 12:47:42,294:INFO:****************** home page title test is passed*****
2022-04-12 12:47:47,809:INFO:****************** Verifying login page*****
2022-04-12 12:47:56,556:INFO:****************** hai sathish Login  page title test is passed*****
